<?xml version="1.0" encoding="UTF-8"?>
<!-- Generated by org.testng.reporters.JUnitXMLReporter -->
<testsuite hostname="DESKTOP-RL7I7P6" ignored="0" name="ShopcartTest" tests="50" failures="1" timestamp="10 Aug 2019 10:10:13 GMT" time="1159.905" errors="0">
  <testcase name="@BeforeMethod Setup" time="49.201" classname="com.shopcart.qa.testcases.ProductAttributePageTest">
    <failure type="org.openqa.selenium.ElementNotInteractableException" message="element not interactable
  (Session info: chrome=76.0.3809.100)
Build info: version: &amp;apos;3.14.0&amp;apos;, revision: &amp;apos;aacccce0&amp;apos;, time: &amp;apos;2018-08-02T20:19:58.91Z&amp;apos;
System info: host: &amp;apos;DESKTOP-RL7I7P6&amp;apos;, ip: &amp;apos;192.168.43.224&amp;apos;, os.name: &amp;apos;Windows 10&amp;apos;, os.arch: &amp;apos;x86&amp;apos;, os.version: &amp;apos;10.0&amp;apos;, java.version: &amp;apos;1.8.0_151&amp;apos;
Driver info: org.openqa.selenium.chrome.ChromeDriver
Capabilities {acceptInsecureCerts: false, browserName: chrome, browserVersion: 76.0.3809.100, chrome: {chromedriverVersion: 76.0.3809.68 (420c9498db8ce..., userDataDir: C:\Users\ameet\AppData\Loca...}, goog:chromeOptions: {debuggerAddress: localhost:59901}, javascriptEnabled: true, networkConnectionEnabled: false, pageLoadStrategy: normal, platform: XP, platformName: XP, proxy: Proxy(), setWindowRect: true, strictFileInteractability: false, timeouts: {implicit: 0, pageLoad: 300000, script: 30000}, unhandledPromptBehavior: dismiss and notify}
Session ID: 00ab60c7923a96ab97044ba67275ab87">
      <![CDATA[org.openqa.selenium.ElementNotInteractableException: element not interactable
  (Session info: chrome=76.0.3809.100)
Build info: version: '3.14.0', revision: 'aacccce0', time: '2018-08-02T20:19:58.91Z'
System info: host: 'DESKTOP-RL7I7P6', ip: '192.168.43.224', os.name: 'Windows 10', os.arch: 'x86', os.version: '10.0', java.version: '1.8.0_151'
Driver info: org.openqa.selenium.chrome.ChromeDriver
Capabilities {acceptInsecureCerts: false, browserName: chrome, browserVersion: 76.0.3809.100, chrome: {chromedriverVersion: 76.0.3809.68 (420c9498db8ce..., userDataDir: C:\Users\ameet\AppData\Loca...}, goog:chromeOptions: {debuggerAddress: localhost:59901}, javascriptEnabled: true, networkConnectionEnabled: false, pageLoadStrategy: normal, platform: XP, platformName: XP, proxy: Proxy(), setWindowRect: true, strictFileInteractability: false, timeouts: {implicit: 0, pageLoad: 300000, script: 30000}, unhandledPromptBehavior: dismiss and notify}
Session ID: 00ab60c7923a96ab97044ba67275ab87
	at org.openqa.selenium.remote.http.W3CHttpResponseCodec.createException(W3CHttpResponseCodec.java:187)
	at org.openqa.selenium.remote.http.W3CHttpResponseCodec.decode(W3CHttpResponseCodec.java:122)
	at org.openqa.selenium.remote.http.W3CHttpResponseCodec.decode(W3CHttpResponseCodec.java:49)
	at org.openqa.selenium.remote.HttpCommandExecutor.execute(HttpCommandExecutor.java:158)
	at org.openqa.selenium.remote.service.DriverCommandExecutor.execute(DriverCommandExecutor.java:83)
	at org.openqa.selenium.remote.RemoteWebDriver.execute(RemoteWebDriver.java:548)
	at org.openqa.selenium.remote.RemoteWebElement.execute(RemoteWebElement.java:276)
	at org.openqa.selenium.remote.RemoteWebElement.click(RemoteWebElement.java:83)
	at org.openqa.selenium.support.pagefactory.internal.LocatingElementHandler.invoke(LocatingElementHandler.java:51)
	at com.sun.proxy.$Proxy10.click(Unknown Source)
	at com.shopcart.qa.pages.DashBoardPage.verifyattributegpage(DashBoardPage.java:231)
	at com.shopcart.qa.testcases.ProductAttributePageTest.Setup(ProductAttributePageTest.java:70)
	at java.util.concurrent.FutureTask.run(Unknown Source)
	at java.util.concurrent.ThreadPoolExecutor.runWorker(Unknown Source)
	at java.util.concurrent.ThreadPoolExecutor$Worker.run(Unknown Source)
	at java.lang.Thread.run(Unknown Source)
... Removed 25 stack frames]]>
    </failure>
  </testcase> <!-- @BeforeMethod Setup -->
  <testcase name="@BeforeMethod Setup" time="0.0" classname="com.shopcart.qa.testcases.ProductAttributePageTest">
    <skipped/>
  </testcase> <!-- @BeforeMethod Setup -->
  <testcase name="@BeforeMethod Setup" time="0.0" classname="com.shopcart.qa.testcases.ProductAttributePageTest">
    <skipped/>
  </testcase> <!-- @BeforeMethod Setup -->
  <testcase name="@BeforeMethod Setup" time="0.0" classname="com.shopcart.qa.testcases.ProductAttributePageTest">
    <skipped/>
  </testcase> <!-- @BeforeMethod Setup -->
  <testcase name="@BeforeMethod Setup" time="0.0" classname="com.shopcart.qa.testcases.ProductAttributePageTest">
    <skipped/>
  </testcase> <!-- @BeforeMethod Setup -->
  <testcase name="@BeforeMethod Setup" time="0.0" classname="com.shopcart.qa.testcases.ProductAttributePageTest">
    <skipped/>
  </testcase> <!-- @BeforeMethod Setup -->
  <testcase name="@BeforeMethod Setup" time="0.0" classname="com.shopcart.qa.testcases.ProductAttributePageTest">
    <skipped/>
  </testcase> <!-- @BeforeMethod Setup -->
  <testcase name="@BeforeMethod Setup" time="0.0" classname="com.shopcart.qa.testcases.ProductAttributePageTest">
    <skipped/>
  </testcase> <!-- @BeforeMethod Setup -->
  <testcase name="checkclickonattachment" time="15.979" classname="com.shopcart.qa.testcases.DashBoardPageTest"/>
  <testcase name="checkclickonattribute" time="14.378" classname="com.shopcart.qa.testcases.DashBoardPageTest"/>
  <testcase name="checkclickoncategories" time="13.401" classname="com.shopcart.qa.testcases.DashBoardPageTest"/>
  <testcase name="checkclickondashboard" time="19.413" classname="com.shopcart.qa.testcases.DashBoardPageTest"/>
  <testcase name="checkclickonfeature" time="13.17" classname="com.shopcart.qa.testcases.DashBoardPageTest"/>
  <testcase name="checkclickonmanufacture" time="15.491" classname="com.shopcart.qa.testcases.DashBoardPageTest"/>
  <testcase name="checkclickonmarketplace" time="8.899" classname="com.shopcart.qa.testcases.DashBoardPageTest"/>
  <testcase name="checkclickonmonitoring" time="13.176" classname="com.shopcart.qa.testcases.DashBoardPageTest"/>
  <testcase name="checkclickonmyshop" time="9.825" classname="com.shopcart.qa.testcases.DashBoardPageTest"/>
  <testcase name="checkclickonnewproduct" time="21.072" classname="com.shopcart.qa.testcases.DashBoardPageTest"/>
  <testcase name="checkclickonproduct" time="13.667" classname="com.shopcart.qa.testcases.DashBoardPageTest"/>
  <testcase name="checkclickonsupplier" time="13.835" classname="com.shopcart.qa.testcases.DashBoardPageTest"/>
  <testcase name="checkclickontag" time="12.63" classname="com.shopcart.qa.testcases.DashBoardPageTest"/>
  <testcase name="checkdemomode" time="10.833" classname="com.shopcart.qa.testcases.DashBoardPageTest"/>
  <testcase name="checkpresta" time="9.578" classname="com.shopcart.qa.testcases.DashBoardPageTest"/>
  <testcase name="checktitle" time="0.012" classname="com.shopcart.qa.testcases.DashBoardPageTest"/>
  <testcase name="clickoncalender" time="9.659" classname="com.shopcart.qa.testcases.DashBoardPageTest"/>
  <testcase name="clickonconnect" time="12.728" classname="com.shopcart.qa.testcases.DashBoardPageTest"/>
  <testcase name="clickonday1" time="11.122" classname="com.shopcart.qa.testcases.DashBoardPageTest"/>
  <testcase name="clickonmonth" time="11.823" classname="com.shopcart.qa.testcases.DashBoardPageTest"/>
  <testcase name="clickonmonth1" time="17.75" classname="com.shopcart.qa.testcases.DashBoardPageTest"/>
  <testcase name="clickonyear" time="12.148" classname="com.shopcart.qa.testcases.DashBoardPageTest"/>
  <testcase name="clickonyear1" time="11.566" classname="com.shopcart.qa.testcases.DashBoardPageTest"/>
  <testcase name="checkbulkaction" time="18.687" classname="com.shopcart.qa.testcases.ProductPageTest"/>
  <testcase name="checkclickonnewproduct" time="0.401" classname="com.shopcart.qa.testcases.ProductPageTest"/>
  <testcase name="checkclickonproduct" time="5.002" classname="com.shopcart.qa.testcases.ProductPageTest"/>
  <testcase name="verifyproducttiltle" time="0.019" classname="com.shopcart.qa.testcases.ProductPageTest"/>
  <testcase name="checkclickonrefresh" time="0.122" classname="com.shopcart.qa.testcases.CategoriesPageTest"/>
  <testcase name="checkclickonview" time="5.184" classname="com.shopcart.qa.testcases.CategoriesPageTest"/>
  <testcase name="checkeditlink" time="8.06" classname="com.shopcart.qa.testcases.CategoriesPageTest"/>
  <testcase name="checknewcategories" time="4.68" classname="com.shopcart.qa.testcases.CategoriesPageTest"/>
  <testcase name="checktitle" time="0.02" classname="com.shopcart.qa.testcases.CategoriesPageTest"/>
  <testcase name="clickonmoduleandservices" time="7.962" classname="com.shopcart.qa.testcases.CategoriesPageTest"/>
  <testcase name="checksearching" time="31.09" classname="com.shopcart.qa.testcases.MonitoringPageTest">
    <failure type="org.openqa.selenium.NoSuchElementException" message="no such element: Unable to locate element: {&amp;quot;method&amp;quot;:&amp;quot;xpath&amp;quot;,&amp;quot;selector&amp;quot;:&amp;quot;//*[@id=&amp;quot;form-empty_categories&amp;quot;]/div/div[3]/table/thead/tr[2]/th[1]/input&amp;quot;}
  (Session info: chrome=76.0.3809.100)
For documentation on this error, please visit: http://seleniumhq.org/exceptions/no_such_element.html
Build info: version: &amp;apos;3.14.0&amp;apos;, revision: &amp;apos;aacccce0&amp;apos;, time: &amp;apos;2018-08-02T20:19:58.91Z&amp;apos;
System info: host: &amp;apos;DESKTOP-RL7I7P6&amp;apos;, ip: &amp;apos;192.168.43.224&amp;apos;, os.name: &amp;apos;Windows 10&amp;apos;, os.arch: &amp;apos;x86&amp;apos;, os.version: &amp;apos;10.0&amp;apos;, java.version: &amp;apos;1.8.0_151&amp;apos;
Driver info: org.openqa.selenium.chrome.ChromeDriver
Capabilities {acceptInsecureCerts: false, browserName: chrome, browserVersion: 76.0.3809.100, chrome: {chromedriverVersion: 76.0.3809.68 (420c9498db8ce..., userDataDir: C:\Users\ameet\AppData\Loca...}, goog:chromeOptions: {debuggerAddress: localhost:59746}, javascriptEnabled: true, networkConnectionEnabled: false, pageLoadStrategy: normal, platform: XP, platformName: XP, proxy: Proxy(), setWindowRect: true, strictFileInteractability: false, timeouts: {implicit: 0, pageLoad: 300000, script: 30000}, unhandledPromptBehavior: dismiss and notify}
Session ID: a5c3c2051565bcf1fe482cbc01f303d8
*** Element info: {Using=xpath, value=//*[@id=&amp;quot;form-empty_categories&amp;quot;]/div/div[3]/table/thead/tr[2]/th[1]/input}">
      <![CDATA[org.openqa.selenium.NoSuchElementException: no such element: Unable to locate element: {"method":"xpath","selector":"//*[@id="form-empty_categories"]/div/div[3]/table/thead/tr[2]/th[1]/input"}
  (Session info: chrome=76.0.3809.100)
For documentation on this error, please visit: http://seleniumhq.org/exceptions/no_such_element.html
Build info: version: '3.14.0', revision: 'aacccce0', time: '2018-08-02T20:19:58.91Z'
System info: host: 'DESKTOP-RL7I7P6', ip: '192.168.43.224', os.name: 'Windows 10', os.arch: 'x86', os.version: '10.0', java.version: '1.8.0_151'
Driver info: org.openqa.selenium.chrome.ChromeDriver
Capabilities {acceptInsecureCerts: false, browserName: chrome, browserVersion: 76.0.3809.100, chrome: {chromedriverVersion: 76.0.3809.68 (420c9498db8ce..., userDataDir: C:\Users\ameet\AppData\Loca...}, goog:chromeOptions: {debuggerAddress: localhost:59746}, javascriptEnabled: true, networkConnectionEnabled: false, pageLoadStrategy: normal, platform: XP, platformName: XP, proxy: Proxy(), setWindowRect: true, strictFileInteractability: false, timeouts: {implicit: 0, pageLoad: 300000, script: 30000}, unhandledPromptBehavior: dismiss and notify}
Session ID: a5c3c2051565bcf1fe482cbc01f303d8
*** Element info: {Using=xpath, value=//*[@id="form-empty_categories"]/div/div[3]/table/thead/tr[2]/th[1]/input}
	at org.openqa.selenium.remote.http.W3CHttpResponseCodec.createException(W3CHttpResponseCodec.java:187)
	at org.openqa.selenium.remote.http.W3CHttpResponseCodec.decode(W3CHttpResponseCodec.java:122)
	at org.openqa.selenium.remote.http.W3CHttpResponseCodec.decode(W3CHttpResponseCodec.java:49)
	at org.openqa.selenium.remote.HttpCommandExecutor.execute(HttpCommandExecutor.java:158)
	at org.openqa.selenium.remote.service.DriverCommandExecutor.execute(DriverCommandExecutor.java:83)
	at org.openqa.selenium.remote.RemoteWebDriver.execute(RemoteWebDriver.java:548)
	at org.openqa.selenium.remote.RemoteWebDriver.findElement(RemoteWebDriver.java:322)
	at org.openqa.selenium.remote.RemoteWebDriver.findElementByXPath(RemoteWebDriver.java:424)
	at org.openqa.selenium.By$ByXPath.findElement(By.java:353)
	at org.openqa.selenium.remote.RemoteWebDriver.findElement(RemoteWebDriver.java:314)
	at org.openqa.selenium.support.pagefactory.DefaultElementLocator.findElement(DefaultElementLocator.java:69)
	at org.openqa.selenium.support.pagefactory.internal.LocatingElementHandler.invoke(LocatingElementHandler.java:38)
	at com.sun.proxy.$Proxy10.sendKeys(Unknown Source)
	at com.shopcart.qa.pages.MonitoringPage.verifyidsearch(MonitoringPage.java:33)
	at com.shopcart.qa.testcases.MonitoringPageTest.checksearching(MonitoringPageTest.java:70)
	at java.util.concurrent.FutureTask.run(Unknown Source)
	at java.util.concurrent.ThreadPoolExecutor.runWorker(Unknown Source)
	at java.util.concurrent.ThreadPoolExecutor$Worker.run(Unknown Source)
	at java.lang.Thread.run(Unknown Source)
... Removed 20 stack frames]]>
    </failure>
  </testcase> <!-- checksearching -->
  <testcase name="checkalertmsg" time="2.124" classname="com.shopcart.qa.testcases.ProductAttributePageTest"/>
  <testcase name="checkcancelbtn" time="0.001" classname="com.shopcart.qa.testcases.ProductAttributePageTest">
    <skipped/>
  </testcase> <!-- checkcancelbtn -->
  <testcase name="checkimport" time="0.0" classname="com.shopcart.qa.testcases.ProductAttributePageTest">
    <skipped/>
  </testcase> <!-- checkimport -->
  <testcase name="checkselectall" time="0.0" classname="com.shopcart.qa.testcases.ProductAttributePageTest">
    <skipped/>
  </testcase> <!-- checkselectall -->
  <testcase name="checktitle" time="0.0" classname="com.shopcart.qa.testcases.ProductAttributePageTest">
    <skipped/>
  </testcase> <!-- checktitle -->
  <testcase name="checkunselectall" time="0.0" classname="com.shopcart.qa.testcases.ProductAttributePageTest">
    <skipped/>
  </testcase> <!-- checkunselectall -->
  <testcase name="checkviewbtn" time="0.0" classname="com.shopcart.qa.testcases.ProductAttributePageTest">
    <skipped/>
  </testcase> <!-- checkviewbtn -->
  <testcase name="verifyarrowclick" time="0.0" classname="com.shopcart.qa.testcases.ProductAttributePageTest">
    <skipped/>
  </testcase> <!-- verifyarrowclick -->
  <testcase name="verifysearchitem" time="0.0" classname="com.shopcart.qa.testcases.ProductAttributePageTest">
    <skipped/>
  </testcase> <!-- verifysearchitem -->
  <testcase name="checktitle" time="0.014" classname="com.shopcart.qa.testcases.ProductFeaturesPageTest"/>
  <testcase name="checkeditpage" time="6.596" classname="com.shopcart.qa.testcases.ManufacturesPageTest"/>
  <testcase name="checkviewpage" time="5.672" classname="com.shopcart.qa.testcases.ManufacturesPageTest"/>
  <testcase name="checktitle" time="0.019" classname="com.shopcart.qa.testcases.SuppliersPageTest"/>
  <testcase name="checkviewpage" time="6.262" classname="com.shopcart.qa.testcases.SuppliersPageTest"/>
  <testcase name="checktitle" time="0.008" classname="com.shopcart.qa.testcases.TagsPageTest"/>
  <testcase name="checktitle" time="0.015" classname="com.shopcart.qa.testcases.AttachmentPageTest"/>
</testsuite> <!-- ShopcartTest -->
